    1  sudo apt install gcc
    2  sudo apt install make
    3  sudo snap install clion --classic
    4  pwd
    5  ls -latr
    6  mkdir cs149
    7  cd cs 149
    8  cd cs149
    9  git init
   10  sudo apt install git
   11  git init
   12  sudo apt install git
   13  sudo killall apt
   14  sudo dpkg --configure -a
   15  sudo rm /var/lib/apt/lists/lock
   16  sudo rm /var/lib/apt/archives/lock
   17  sudo rm /var/lib/dpkg/lock*
   18  sudo dpkg --configure -a
   19  sudo apt update
   20  sudo apt install git
   21  git init
   22  git remote add origin https://github.com/adinhh20/cs149.git
   23  git config --global user.email "youremail"
   24  git config --global user.name "yourname"
   25  mkdir WS1
   26  cd WS1
   27  git add .
   28  wget -o out.pdf https://tinyurl/yy94jltt
   29  ls -latr
   30  install wine
   31  cd 1.15lab
   32  cd cat library.c
   33  cat library.c
   34  history > cmds.log
   35  git add cmds.log
   36  git add cmds.log library.c
   37  git commit -m "First commit" -a
   38  git branch
   39  git push -u origin master
   40  cd WS1\1_15
   41  cd WS1
   42  cs 1_ls -latr
   43  cs 1_15
   44  cd 1_15
   45  cd ../
   46  git bush -u origin master
   47  git push -u origin master
   48  git bush -u origin master
   49  git push -u origin master
   50  git config --global user.name "adinnh20"
   51  git config --global user.email "adinhh20@gmail.com"
   52  git config -l
   53  git clone https://github.com/adinhh20/cs149
   54  git push -u origin master
   55  git commit-m "First commit" -a
   56  git add cmds.log 1_15.c
   57  ls -latr
   58  history > cmds.log
   59  git add cmds.log 1_15.c
   60  git add cmds.log 1_16.c
   61  git add cmds.log 1_17.c
   62  git add cmds.log 1_18.c
   63  git add cmds.log 1_19.c
   64  git add cmds.log 1_20.c
   65  git commit -m "First commit" -a
   66  git branch
   67  git push -u origin master
   68  git clone https://github.com/adinhh20/cs149.git
   69  git clone https://github.com/adinhh20/cs149
   70  cd ../
   71  git clone -b master https://github.com/adinhh20/cs149
   72  git clone -b master https://github.com/adinhh20/cs149.git cs149_anhdinh
   73  cd Download
   74  cd Downloads
   75  cd ../
   76  git clone -b master https://github.com/adinhh20/cs149.git cs149_anhdinh
   77  date
   78  pwd
   79  cd Desktop/
   80  ls
   81  ls -latr
   82  cd WS2
   83  ls -latr
   84  echo $?
   85  man ps
   86  top
   87  history > worksheet2.log
   88  head worksheet2.log
   89  tail worksheet2.log
   90  cat worksheet2.log
   91  git add worksheet.log *.c
   92  git add worksheet2.log *.c
   93  git commit -m "First commit" -a
   94  git branch
   95  git push -u origin master
   96  git clone -b master https://github.com/adinhh20/cs149.git cs149_anhdinh
   97  wget http://github.com/torvalds/linux/archive/master.zi[
   98  wget http://github.com/torvalds/linux/archive/master.zip
   99  unzip master.zip
  100  cd linux-master
  101  pwd
  102  alias l-'ls -latr'
  103  alias l='ls -latr'
  104  l
  105  find . -name mem.c
  106  find . -name mem.c | xargs head
  107  find . -name mem.c | xargs grep 86
  108  cd ..
  109  history > worksheet3.log
  110  head worksheet3.log
  111  git add worksheet3.log
  112  git commit -m "First commit" -a
  113  git branch
  114  git push -u origin master
  115  git clone -b master http://github/adinhh20/cs149.git cs149_anhdinh
  116  cd WS3
  117  git add worksheet3.log
  118  history > worksheet3.log
  119  git add worksheet3.log
  120  git commit -m "First commit" -a
  121  git push -u origin master
  122  git clone -b master http://github/adinhh20/cs149.git cs149_anhdinh
  123  history > worksheet3.log
  124  git add worksheet3.log *c
  125  git commit -m "First commit" -a
  126  git branch
  127  git push -u origin master
  128  git clone -b master http://github.com/adinhh20/cs149.git cs149_anhdinh
  129  cd ..
  130  cd a1
  131  ./main names.txt
  132  cat main.c
  133  touch main.c
  134  ./countnames names.txt
  135  touch countnames.c
  136  ./countnames.c names.txt
  137  ./countnames names.txt
  138  ./countnames.c names.txt
  139  sudo ./countnames.c names.txt
  140  sudo ./countnames names.txt
  141  ./countnames.c names.txt
  142  ./countnames names.txt
  143  countnames names.txt
  144  gcc -o countnames countnames.c -Wall -Werror
  145  countnames names.txt
  146  ./countnames names.txt
  147  cd cmake-build-debug
  148  ./countnames names.txt
  149  gcc -o countnames countnames.c -Wall -Werror
  150  gcc -o countnames countnames.c
  151  cd A1
  152  gcc -o countnames countnames.c
  153  ./countnames names.txt
  154  gcc -o countnames countnames.c
  155  ./countnames names.txt
  156  gcc -o countnames countnames.c
  157  ./countnames names.txt
  158  gcc -o countnames countnames.c
  159  ./countnames names.txt
  160  gcc -o countnames countnames.c
  161  ./countnames names.txt
  162  gcc -o countnames countnames.c
  163  ./countnames names.txt
  164  gcc -o countnames countnames.c
  165  ./countnames names.txt
  166  gcc -o countnames countnames.c
  167  ./countnames names.txt
  168  gcc -o countnames countnames.c
  169  ./countnames names.txt
  170  gcc -o countnames countnames.c
  171  ./countnames names.txt
  172  history > A1.log
  173  git add A1.log countnames.c
  174  git commit -m "First commit" -a
  175  git branch
  176  git push -u origin master
  177  git clone -b master http://github.com/yourlogin/cs.149.git cs149_anhdinh
  178  git clone -b master http://github.com/adinhh20/cs.149.git cs149_anhdinh
  179  cd WS1
  180  history > ws5.log
